
/home/runner/work/exp-open-channels-iitk/exp-open-channels-iitk/experiment/simulation/js/calculation.js
   24:10  warning  'checkYourResult' is defined but never used  no-unused-vars
  124:17  warning  'confetti' is not defined                    no-undef
  135:10  warning  'exportToExcel' is defined but never used    no-unused-vars
  136:12  warning  'XLSX' is not defined                        no-undef
  153:26  warning  'XLSX' is not defined                        no-undef
  154:3   warning  'XLSX' is not defined                        no-undef
  171:26  warning  'XLSX' is not defined                        no-undef
  172:3   warning  'XLSX' is not defined                        no-undef
  175:3   warning  'XLSX' is not defined                        no-undef

/home/runner/work/exp-open-channels-iitk/exp-open-channels-iitk/experiment/simulation/js/main.js
    5:5   warning  'svg' is assigned a value but never used            no-unused-vars
    7:5   warning  'manometerText' is assigned a value but never used  no-unused-vars
   32:5   warning  'svgContainer1' is assigned a value but never used  no-unused-vars
   35:10  warning  'power' is defined but never used                   no-unused-vars
   83:18  warning  'timeoutId4' is not defined                         no-undef
  170:13  warning  'timeoutId4' is not defined                         no-undef
  175:26  warning  'timeoutId4' is not defined                         no-undef
  399:9   warning  'w5' is not defined                                 no-undef
  418:10  warning  'purzeAction' is defined but never used             no-unused-vars

✖ 18 problems (0 errors, 18 warnings)

